<?xml version="1.0" encoding="UTF-8"?>
<!-- Generated by org.testng.reporters.JUnitReportReporter -->
<testsuite hostname="LAPTOP-NEB2UBL9" failures="0" tests="3" name="apitests.SearchUser" time="2.281" errors="0" timestamp="2022-04-08T23:50:56 IST" skipped="2">
  <testcase classname="apitests.SearchUser" name="GetCommentsTest" time="2.281"/>
  <system-out/>
  <testcase classname="apitests.SearchUser" name="GetPostTest">
    <skipped/>
  </testcase> <!-- GetPostTest -->
  <system-out/>
  <testcase classname="apitests.SearchUser" name="GetUserTest">
    <skipped/>
  </testcase> <!-- GetUserTest -->
  <system-out/>
</testsuite> <!-- apitests.SearchUser -->
